ERROR - 2026-05-18 17:24:55 --> Error connecting to the database: mysqli_sql_exception: Access denied for user 'root'@'localhost' in /home/honore/Bureau/4027_4090/system/Database/MySQLi/Connection.php:201
Stack trace:
#0 /home/honore/Bureau/4027_4090/system/Database/MySQLi/Connection.php(201): mysqli->real_connect()
#1 /home/honore/Bureau/4027_4090/system/Database/BaseConnection.php(555): CodeIgniter\Database\MySQLi\Connection->connect()
#2 /home/honore/Bureau/4027_4090/system/Database/BaseConnection.php(795): CodeIgniter\Database\BaseConnection->initialize()
#3 /home/honore/Bureau/4027_4090/system/Database/BaseBuilder.php(2345): CodeIgniter\Database\BaseConnection->query()
#4 /home/honore/Bureau/4027_4090/system/Model.php(355): CodeIgniter\Database\BaseBuilder->insert()
#5 /home/honore/Bureau/4027_4090/system/BaseModel.php(899): CodeIgniter\Model->doInsert()
#6 /home/honore/Bureau/4027_4090/system/Model.php(668): CodeIgniter\BaseModel->insert()
#7 /home/honore/Bureau/4027_4090/app/Controllers/ConnexionController.php(23): CodeIgniter\Model->insert()
#8 /home/honore/Bureau/4027_4090/system/CodeIgniter.php(951): App\Controllers\ConnexionController->creationCompte()
#9 /home/honore/Bureau/4027_4090/system/CodeIgniter.php(497): CodeIgniter\CodeIgniter->runController()
#10 /home/honore/Bureau/4027_4090/system/CodeIgniter.php(340): CodeIgniter\CodeIgniter->handleRequest()
#11 /home/honore/Bureau/4027_4090/system/Boot.php(417): CodeIgniter\CodeIgniter->run()
#12 /home/honore/Bureau/4027_4090/system/Boot.php(68): CodeIgniter\Boot::runCodeIgniter()
#13 /home/honore/Bureau/4027_4090/public/index.php(59): CodeIgniter\Boot::bootWeb()
#14 {main}

Next CodeIgniter\Database\Exceptions\DatabaseException: Access denied for user '****'@'localhost' in /home/honore/Bureau/4027_4090/system/Database/MySQLi/Connection.php:231
Stack trace:
#0 /home/honore/Bureau/4027_4090/system/Database/BaseConnection.php(555): CodeIgniter\Database\MySQLi\Connection->connect()
#1 /home/honore/Bureau/4027_4090/system/Database/BaseConnection.php(795): CodeIgniter\Database\BaseConnection->initialize()
#2 /home/honore/Bureau/4027_4090/system/Database/BaseBuilder.php(2345): CodeIgniter\Database\BaseConnection->query()
#3 /home/honore/Bureau/4027_4090/system/Model.php(355): CodeIgniter\Database\BaseBuilder->insert()
#4 /home/honore/Bureau/4027_4090/system/BaseModel.php(899): CodeIgniter\Model->doInsert()
#5 /home/honore/Bureau/4027_4090/system/Model.php(668): CodeIgniter\BaseModel->insert()
#6 /home/honore/Bureau/4027_4090/app/Controllers/ConnexionController.php(23): CodeIgniter\Model->insert()
#7 /home/honore/Bureau/4027_4090/system/CodeIgniter.php(951): App\Controllers\ConnexionController->creationCompte()
#8 /home/honore/Bureau/4027_4090/system/CodeIgniter.php(497): CodeIgniter\CodeIgniter->runController()
#9 /home/honore/Bureau/4027_4090/system/CodeIgniter.php(340): CodeIgniter\CodeIgniter->handleRequest()
#10 /home/honore/Bureau/4027_4090/system/Boot.php(417): CodeIgniter\CodeIgniter->run()
#11 /home/honore/Bureau/4027_4090/system/Boot.php(68): CodeIgniter\Boot::runCodeIgniter()
#12 /home/honore/Bureau/4027_4090/public/index.php(59): CodeIgniter\Boot::bootWeb()
#13 {main}
CRITICAL - 2026-05-18 17:24:55 --> CodeIgniter\Database\Exceptions\DatabaseException: Unable to connect to the database.
Main connection [MySQLi]: Access denied for user '****'@'localhost'
[Method: POST, Route: creationCompte]
in SYSTEMPATH/Database/BaseConnection.php on line 606.
 1 SYSTEMPATH/Database/BaseConnection.php(795): CodeIgniter\Database\BaseConnection->initialize()
 2 SYSTEMPATH/Database/BaseBuilder.php(2345): CodeIgniter\Database\BaseConnection->query()
 3 SYSTEMPATH/Model.php(355): CodeIgniter\Database\BaseBuilder->insert()
 4 SYSTEMPATH/BaseModel.php(899): CodeIgniter\Model->doInsert()
 5 SYSTEMPATH/Model.php(668): CodeIgniter\BaseModel->insert()
 6 APPPATH/Controllers/ConnexionController.php(23): CodeIgniter\Model->insert()
 7 SYSTEMPATH/CodeIgniter.php(951): App\Controllers\ConnexionController->creationCompte()
 8 SYSTEMPATH/CodeIgniter.php(497): CodeIgniter\CodeIgniter->runController()
 9 SYSTEMPATH/CodeIgniter.php(340): CodeIgniter\CodeIgniter->handleRequest()
10 SYSTEMPATH/Boot.php(417): CodeIgniter\CodeIgniter->run()
11 SYSTEMPATH/Boot.php(68): CodeIgniter\Boot::runCodeIgniter()
12 FCPATH/index.php(59): CodeIgniter\Boot::bootWeb()
ERROR - 2026-05-18 17:28:22 --> Error connecting to the database: mysqli_sql_exception: Access denied for user 'root'@'localhost' in /home/honore/Bureau/4027_4090/system/Database/MySQLi/Connection.php:201
Stack trace:
#0 /home/honore/Bureau/4027_4090/system/Database/MySQLi/Connection.php(201): mysqli->real_connect()
#1 /home/honore/Bureau/4027_4090/system/Database/BaseConnection.php(555): CodeIgniter\Database\MySQLi\Connection->connect()
#2 /home/honore/Bureau/4027_4090/system/Database/BaseConnection.php(795): CodeIgniter\Database\BaseConnection->initialize()
#3 /home/honore/Bureau/4027_4090/system/Database/BaseBuilder.php(2345): CodeIgniter\Database\BaseConnection->query()
#4 /home/honore/Bureau/4027_4090/system/Model.php(355): CodeIgniter\Database\BaseBuilder->insert()
#5 /home/honore/Bureau/4027_4090/system/BaseModel.php(899): CodeIgniter\Model->doInsert()
#6 /home/honore/Bureau/4027_4090/system/Model.php(668): CodeIgniter\BaseModel->insert()
#7 /home/honore/Bureau/4027_4090/app/Controllers/ConnexionController.php(23): CodeIgniter\Model->insert()
#8 /home/honore/Bureau/4027_4090/system/CodeIgniter.php(951): App\Controllers\ConnexionController->creationCompte()
#9 /home/honore/Bureau/4027_4090/system/CodeIgniter.php(497): CodeIgniter\CodeIgniter->runController()
#10 /home/honore/Bureau/4027_4090/system/CodeIgniter.php(340): CodeIgniter\CodeIgniter->handleRequest()
#11 /home/honore/Bureau/4027_4090/system/Boot.php(417): CodeIgniter\CodeIgniter->run()
#12 /home/honore/Bureau/4027_4090/system/Boot.php(68): CodeIgniter\Boot::runCodeIgniter()
#13 /home/honore/Bureau/4027_4090/public/index.php(59): CodeIgniter\Boot::bootWeb()
#14 {main}

Next CodeIgniter\Database\Exceptions\DatabaseException: Access denied for user '****'@'localhost' in /home/honore/Bureau/4027_4090/system/Database/MySQLi/Connection.php:231
Stack trace:
#0 /home/honore/Bureau/4027_4090/system/Database/BaseConnection.php(555): CodeIgniter\Database\MySQLi\Connection->connect()
#1 /home/honore/Bureau/4027_4090/system/Database/BaseConnection.php(795): CodeIgniter\Database\BaseConnection->initialize()
#2 /home/honore/Bureau/4027_4090/system/Database/BaseBuilder.php(2345): CodeIgniter\Database\BaseConnection->query()
#3 /home/honore/Bureau/4027_4090/system/Model.php(355): CodeIgniter\Database\BaseBuilder->insert()
#4 /home/honore/Bureau/4027_4090/system/BaseModel.php(899): CodeIgniter\Model->doInsert()
#5 /home/honore/Bureau/4027_4090/system/Model.php(668): CodeIgniter\BaseModel->insert()
#6 /home/honore/Bureau/4027_4090/app/Controllers/ConnexionController.php(23): CodeIgniter\Model->insert()
#7 /home/honore/Bureau/4027_4090/system/CodeIgniter.php(951): App\Controllers\ConnexionController->creationCompte()
#8 /home/honore/Bureau/4027_4090/system/CodeIgniter.php(497): CodeIgniter\CodeIgniter->runController()
#9 /home/honore/Bureau/4027_4090/system/CodeIgniter.php(340): CodeIgniter\CodeIgniter->handleRequest()
#10 /home/honore/Bureau/4027_4090/system/Boot.php(417): CodeIgniter\CodeIgniter->run()
#11 /home/honore/Bureau/4027_4090/system/Boot.php(68): CodeIgniter\Boot::runCodeIgniter()
#12 /home/honore/Bureau/4027_4090/public/index.php(59): CodeIgniter\Boot::bootWeb()
#13 {main}
CRITICAL - 2026-05-18 17:28:22 --> CodeIgniter\Database\Exceptions\DatabaseException: Unable to connect to the database.
Main connection [MySQLi]: Access denied for user '****'@'localhost'
[Method: POST, Route: creationCompte]
in SYSTEMPATH/Database/BaseConnection.php on line 606.
 1 SYSTEMPATH/Database/BaseConnection.php(795): CodeIgniter\Database\BaseConnection->initialize()
 2 SYSTEMPATH/Database/BaseBuilder.php(2345): CodeIgniter\Database\BaseConnection->query()
 3 SYSTEMPATH/Model.php(355): CodeIgniter\Database\BaseBuilder->insert()
 4 SYSTEMPATH/BaseModel.php(899): CodeIgniter\Model->doInsert()
 5 SYSTEMPATH/Model.php(668): CodeIgniter\BaseModel->insert()
 6 APPPATH/Controllers/ConnexionController.php(23): CodeIgniter\Model->insert()
 7 SYSTEMPATH/CodeIgniter.php(951): App\Controllers\ConnexionController->creationCompte()
 8 SYSTEMPATH/CodeIgniter.php(497): CodeIgniter\CodeIgniter->runController()
 9 SYSTEMPATH/CodeIgniter.php(340): CodeIgniter\CodeIgniter->handleRequest()
10 SYSTEMPATH/Boot.php(417): CodeIgniter\CodeIgniter->run()
11 SYSTEMPATH/Boot.php(68): CodeIgniter\Boot::runCodeIgniter()
12 FCPATH/index.php(59): CodeIgniter\Boot::bootWeb()
ERROR - 2026-05-18 17:28:59 --> Error connecting to the database: mysqli_sql_exception: Access denied for user 'root'@'localhost' in /home/honore/Bureau/4027_4090/system/Database/MySQLi/Connection.php:201
Stack trace:
#0 /home/honore/Bureau/4027_4090/system/Database/MySQLi/Connection.php(201): mysqli->real_connect()
#1 /home/honore/Bureau/4027_4090/system/Database/BaseConnection.php(555): CodeIgniter\Database\MySQLi\Connection->connect()
#2 /home/honore/Bureau/4027_4090/system/Database/BaseConnection.php(795): CodeIgniter\Database\BaseConnection->initialize()
#3 /home/honore/Bureau/4027_4090/system/Database/BaseBuilder.php(2345): CodeIgniter\Database\BaseConnection->query()
#4 /home/honore/Bureau/4027_4090/system/Model.php(355): CodeIgniter\Database\BaseBuilder->insert()
#5 /home/honore/Bureau/4027_4090/system/BaseModel.php(899): CodeIgniter\Model->doInsert()
#6 /home/honore/Bureau/4027_4090/system/Model.php(668): CodeIgniter\BaseModel->insert()
#7 /home/honore/Bureau/4027_4090/app/Controllers/ConnexionController.php(23): CodeIgniter\Model->insert()
#8 /home/honore/Bureau/4027_4090/system/CodeIgniter.php(951): App\Controllers\ConnexionController->creationCompte()
#9 /home/honore/Bureau/4027_4090/system/CodeIgniter.php(497): CodeIgniter\CodeIgniter->runController()
#10 /home/honore/Bureau/4027_4090/system/CodeIgniter.php(340): CodeIgniter\CodeIgniter->handleRequest()
#11 /home/honore/Bureau/4027_4090/system/Boot.php(417): CodeIgniter\CodeIgniter->run()
#12 /home/honore/Bureau/4027_4090/system/Boot.php(68): CodeIgniter\Boot::runCodeIgniter()
#13 /home/honore/Bureau/4027_4090/public/index.php(59): CodeIgniter\Boot::bootWeb()
#14 /home/honore/Bureau/4027_4090/system/rewrite.php(44): require_once('...')
#15 {main}

Next CodeIgniter\Database\Exceptions\DatabaseException: Access denied for user '****'@'localhost' in /home/honore/Bureau/4027_4090/system/Database/MySQLi/Connection.php:231
Stack trace:
#0 /home/honore/Bureau/4027_4090/system/Database/BaseConnection.php(555): CodeIgniter\Database\MySQLi\Connection->connect()
#1 /home/honore/Bureau/4027_4090/system/Database/BaseConnection.php(795): CodeIgniter\Database\BaseConnection->initialize()
#2 /home/honore/Bureau/4027_4090/system/Database/BaseBuilder.php(2345): CodeIgniter\Database\BaseConnection->query()
#3 /home/honore/Bureau/4027_4090/system/Model.php(355): CodeIgniter\Database\BaseBuilder->insert()
#4 /home/honore/Bureau/4027_4090/system/BaseModel.php(899): CodeIgniter\Model->doInsert()
#5 /home/honore/Bureau/4027_4090/system/Model.php(668): CodeIgniter\BaseModel->insert()
#6 /home/honore/Bureau/4027_4090/app/Controllers/ConnexionController.php(23): CodeIgniter\Model->insert()
#7 /home/honore/Bureau/4027_4090/system/CodeIgniter.php(951): App\Controllers\ConnexionController->creationCompte()
#8 /home/honore/Bureau/4027_4090/system/CodeIgniter.php(497): CodeIgniter\CodeIgniter->runController()
#9 /home/honore/Bureau/4027_4090/system/CodeIgniter.php(340): CodeIgniter\CodeIgniter->handleRequest()
#10 /home/honore/Bureau/4027_4090/system/Boot.php(417): CodeIgniter\CodeIgniter->run()
#11 /home/honore/Bureau/4027_4090/system/Boot.php(68): CodeIgniter\Boot::runCodeIgniter()
#12 /home/honore/Bureau/4027_4090/public/index.php(59): CodeIgniter\Boot::bootWeb()
#13 /home/honore/Bureau/4027_4090/system/rewrite.php(44): require_once('...')
#14 {main}
CRITICAL - 2026-05-18 17:28:59 --> CodeIgniter\Database\Exceptions\DatabaseException: Unable to connect to the database.
Main connection [MySQLi]: Access denied for user '****'@'localhost'
[Method: POST, Route: creationCompte]
in SYSTEMPATH/Database/BaseConnection.php on line 606.
 1 SYSTEMPATH/Database/BaseConnection.php(795): CodeIgniter\Database\BaseConnection->initialize()
 2 SYSTEMPATH/Database/BaseBuilder.php(2345): CodeIgniter\Database\BaseConnection->query()
 3 SYSTEMPATH/Model.php(355): CodeIgniter\Database\BaseBuilder->insert()
 4 SYSTEMPATH/BaseModel.php(899): CodeIgniter\Model->doInsert()
 5 SYSTEMPATH/Model.php(668): CodeIgniter\BaseModel->insert()
 6 APPPATH/Controllers/ConnexionController.php(23): CodeIgniter\Model->insert()
 7 SYSTEMPATH/CodeIgniter.php(951): App\Controllers\ConnexionController->creationCompte()
 8 SYSTEMPATH/CodeIgniter.php(497): CodeIgniter\CodeIgniter->runController()
 9 SYSTEMPATH/CodeIgniter.php(340): CodeIgniter\CodeIgniter->handleRequest()
10 SYSTEMPATH/Boot.php(417): CodeIgniter\CodeIgniter->run()
11 SYSTEMPATH/Boot.php(68): CodeIgniter\Boot::runCodeIgniter()
12 FCPATH/index.php(59): CodeIgniter\Boot::bootWeb()
13 SYSTEMPATH/rewrite.php(44): require_once('/home/honore/Bureau/4027_4090/public/index.php')
ERROR - 2026-05-18 17:36:55 --> Error connecting to the database: Error: Class "SQLite3" not found in /home/honore/Bureau/4027_4090/system/Database/SQLite3/Connection.php:111
Stack trace:
#0 /home/honore/Bureau/4027_4090/system/Database/BaseConnection.php(555): CodeIgniter\Database\SQLite3\Connection->connect()
#1 /home/honore/Bureau/4027_4090/system/Database/SQLite3/Connection.php(74): CodeIgniter\Database\BaseConnection->initialize()
#2 /home/honore/Bureau/4027_4090/system/Database/BaseConnection.php(795): CodeIgniter\Database\SQLite3\Connection->initialize()
#3 /home/honore/Bureau/4027_4090/system/Database/BaseBuilder.php(2345): CodeIgniter\Database\BaseConnection->query()
#4 /home/honore/Bureau/4027_4090/system/Model.php(355): CodeIgniter\Database\BaseBuilder->insert()
#5 /home/honore/Bureau/4027_4090/system/BaseModel.php(899): CodeIgniter\Model->doInsert()
#6 /home/honore/Bureau/4027_4090/system/Model.php(668): CodeIgniter\BaseModel->insert()
#7 /home/honore/Bureau/4027_4090/app/Controllers/ConnexionController.php(23): CodeIgniter\Model->insert()
#8 /home/honore/Bureau/4027_4090/system/CodeIgniter.php(951): App\Controllers\ConnexionController->creationCompte()
#9 /home/honore/Bureau/4027_4090/system/CodeIgniter.php(497): CodeIgniter\CodeIgniter->runController()
#10 /home/honore/Bureau/4027_4090/system/CodeIgniter.php(340): CodeIgniter\CodeIgniter->handleRequest()
#11 /home/honore/Bureau/4027_4090/system/Boot.php(417): CodeIgniter\CodeIgniter->run()
#12 /home/honore/Bureau/4027_4090/system/Boot.php(68): CodeIgniter\Boot::runCodeIgniter()
#13 /home/honore/Bureau/4027_4090/public/index.php(59): CodeIgniter\Boot::bootWeb()
#14 {main}
CRITICAL - 2026-05-18 17:36:55 --> CodeIgniter\Database\Exceptions\DatabaseException: Unable to connect to the database.
Main connection [SQLite3]: Class "SQLite3" not found
[Method: POST, Route: creationCompte]
in SYSTEMPATH/Database/BaseConnection.php on line 606.
 1 SYSTEMPATH/Database/SQLite3/Connection.php(74): CodeIgniter\Database\BaseConnection->initialize()
 2 SYSTEMPATH/Database/BaseConnection.php(795): CodeIgniter\Database\SQLite3\Connection->initialize()
 3 SYSTEMPATH/Database/BaseBuilder.php(2345): CodeIgniter\Database\BaseConnection->query()
 4 SYSTEMPATH/Model.php(355): CodeIgniter\Database\BaseBuilder->insert()
 5 SYSTEMPATH/BaseModel.php(899): CodeIgniter\Model->doInsert()
 6 SYSTEMPATH/Model.php(668): CodeIgniter\BaseModel->insert()
 7 APPPATH/Controllers/ConnexionController.php(23): CodeIgniter\Model->insert()
 8 SYSTEMPATH/CodeIgniter.php(951): App\Controllers\ConnexionController->creationCompte()
 9 SYSTEMPATH/CodeIgniter.php(497): CodeIgniter\CodeIgniter->runController()
10 SYSTEMPATH/CodeIgniter.php(340): CodeIgniter\CodeIgniter->handleRequest()
11 SYSTEMPATH/Boot.php(417): CodeIgniter\CodeIgniter->run()
12 SYSTEMPATH/Boot.php(68): CodeIgniter\Boot::runCodeIgniter()
13 FCPATH/index.php(59): CodeIgniter\Boot::bootWeb()
ERROR - 2026-05-18 17:41:53 --> Error connecting to the database: Error: Class "SQLite3" not found in /home/honore/Bureau/4027_4090/system/Database/SQLite3/Connection.php:111
Stack trace:
#0 /home/honore/Bureau/4027_4090/system/Database/BaseConnection.php(555): CodeIgniter\Database\SQLite3\Connection->connect()
#1 /home/honore/Bureau/4027_4090/system/Database/SQLite3/Connection.php(74): CodeIgniter\Database\BaseConnection->initialize()
#2 /home/honore/Bureau/4027_4090/system/Database/BaseConnection.php(795): CodeIgniter\Database\SQLite3\Connection->initialize()
#3 /home/honore/Bureau/4027_4090/system/Database/BaseBuilder.php(2345): CodeIgniter\Database\BaseConnection->query()
#4 /home/honore/Bureau/4027_4090/system/Model.php(355): CodeIgniter\Database\BaseBuilder->insert()
#5 /home/honore/Bureau/4027_4090/system/BaseModel.php(899): CodeIgniter\Model->doInsert()
#6 /home/honore/Bureau/4027_4090/system/Model.php(668): CodeIgniter\BaseModel->insert()
#7 /home/honore/Bureau/4027_4090/app/Controllers/ConnexionController.php(23): CodeIgniter\Model->insert()
#8 /home/honore/Bureau/4027_4090/system/CodeIgniter.php(951): App\Controllers\ConnexionController->creationCompte()
#9 /home/honore/Bureau/4027_4090/system/CodeIgniter.php(497): CodeIgniter\CodeIgniter->runController()
#10 /home/honore/Bureau/4027_4090/system/CodeIgniter.php(340): CodeIgniter\CodeIgniter->handleRequest()
#11 /home/honore/Bureau/4027_4090/system/Boot.php(417): CodeIgniter\CodeIgniter->run()
#12 /home/honore/Bureau/4027_4090/system/Boot.php(68): CodeIgniter\Boot::runCodeIgniter()
#13 /home/honore/Bureau/4027_4090/public/index.php(59): CodeIgniter\Boot::bootWeb()
#14 {main}
CRITICAL - 2026-05-18 17:41:53 --> CodeIgniter\Database\Exceptions\DatabaseException: Unable to connect to the database.
Main connection [SQLite3]: Class "SQLite3" not found
[Method: POST, Route: creationCompte]
in SYSTEMPATH/Database/BaseConnection.php on line 606.
 1 SYSTEMPATH/Database/SQLite3/Connection.php(74): CodeIgniter\Database\BaseConnection->initialize()
 2 SYSTEMPATH/Database/BaseConnection.php(795): CodeIgniter\Database\SQLite3\Connection->initialize()
 3 SYSTEMPATH/Database/BaseBuilder.php(2345): CodeIgniter\Database\BaseConnection->query()
 4 SYSTEMPATH/Model.php(355): CodeIgniter\Database\BaseBuilder->insert()
 5 SYSTEMPATH/BaseModel.php(899): CodeIgniter\Model->doInsert()
 6 SYSTEMPATH/Model.php(668): CodeIgniter\BaseModel->insert()
 7 APPPATH/Controllers/ConnexionController.php(23): CodeIgniter\Model->insert()
 8 SYSTEMPATH/CodeIgniter.php(951): App\Controllers\ConnexionController->creationCompte()
 9 SYSTEMPATH/CodeIgniter.php(497): CodeIgniter\CodeIgniter->runController()
10 SYSTEMPATH/CodeIgniter.php(340): CodeIgniter\CodeIgniter->handleRequest()
11 SYSTEMPATH/Boot.php(417): CodeIgniter\CodeIgniter->run()
12 SYSTEMPATH/Boot.php(68): CodeIgniter\Boot::runCodeIgniter()
13 FCPATH/index.php(59): CodeIgniter\Boot::bootWeb()
ERROR - 2026-05-18 17:44:14 --> Error connecting to the database: Error: Class "SQLite3" not found in /home/honore/Bureau/4027_4090/system/Database/SQLite3/Connection.php:111
Stack trace:
#0 /home/honore/Bureau/4027_4090/system/Database/BaseConnection.php(555): CodeIgniter\Database\SQLite3\Connection->connect()
#1 /home/honore/Bureau/4027_4090/system/Database/SQLite3/Connection.php(74): CodeIgniter\Database\BaseConnection->initialize()
#2 /home/honore/Bureau/4027_4090/system/Database/BaseConnection.php(795): CodeIgniter\Database\SQLite3\Connection->initialize()
#3 /home/honore/Bureau/4027_4090/system/Database/BaseBuilder.php(2345): CodeIgniter\Database\BaseConnection->query()
#4 /home/honore/Bureau/4027_4090/system/Model.php(355): CodeIgniter\Database\BaseBuilder->insert()
#5 /home/honore/Bureau/4027_4090/system/BaseModel.php(899): CodeIgniter\Model->doInsert()
#6 /home/honore/Bureau/4027_4090/system/Model.php(668): CodeIgniter\BaseModel->insert()
#7 /home/honore/Bureau/4027_4090/app/Controllers/ConnexionController.php(23): CodeIgniter\Model->insert()
#8 /home/honore/Bureau/4027_4090/system/CodeIgniter.php(951): App\Controllers\ConnexionController->creationCompte()
#9 /home/honore/Bureau/4027_4090/system/CodeIgniter.php(497): CodeIgniter\CodeIgniter->runController()
#10 /home/honore/Bureau/4027_4090/system/CodeIgniter.php(340): CodeIgniter\CodeIgniter->handleRequest()
#11 /home/honore/Bureau/4027_4090/system/Boot.php(417): CodeIgniter\CodeIgniter->run()
#12 /home/honore/Bureau/4027_4090/system/Boot.php(68): CodeIgniter\Boot::runCodeIgniter()
#13 /home/honore/Bureau/4027_4090/public/index.php(59): CodeIgniter\Boot::bootWeb()
#14 /home/honore/Bureau/4027_4090/system/rewrite.php(44): require_once('...')
#15 {main}
CRITICAL - 2026-05-18 17:44:14 --> CodeIgniter\Database\Exceptions\DatabaseException: Unable to connect to the database.
Main connection [SQLite3]: Class "SQLite3" not found
[Method: POST, Route: creationCompte]
in SYSTEMPATH/Database/BaseConnection.php on line 606.
 1 SYSTEMPATH/Database/SQLite3/Connection.php(74): CodeIgniter\Database\BaseConnection->initialize()
 2 SYSTEMPATH/Database/BaseConnection.php(795): CodeIgniter\Database\SQLite3\Connection->initialize()
 3 SYSTEMPATH/Database/BaseBuilder.php(2345): CodeIgniter\Database\BaseConnection->query()
 4 SYSTEMPATH/Model.php(355): CodeIgniter\Database\BaseBuilder->insert()
 5 SYSTEMPATH/BaseModel.php(899): CodeIgniter\Model->doInsert()
 6 SYSTEMPATH/Model.php(668): CodeIgniter\BaseModel->insert()
 7 APPPATH/Controllers/ConnexionController.php(23): CodeIgniter\Model->insert()
 8 SYSTEMPATH/CodeIgniter.php(951): App\Controllers\ConnexionController->creationCompte()
 9 SYSTEMPATH/CodeIgniter.php(497): CodeIgniter\CodeIgniter->runController()
10 SYSTEMPATH/CodeIgniter.php(340): CodeIgniter\CodeIgniter->handleRequest()
11 SYSTEMPATH/Boot.php(417): CodeIgniter\CodeIgniter->run()
12 SYSTEMPATH/Boot.php(68): CodeIgniter\Boot::runCodeIgniter()
13 FCPATH/index.php(59): CodeIgniter\Boot::bootWeb()
14 SYSTEMPATH/rewrite.php(44): require_once('/home/honore/Bureau/4027_4090/public/index.php')
DEBUG - 2026-05-18 18:05:12 --> Session: Class initialized using 'CodeIgniter\Session\Handlers\FileHandler' driver.
DEBUG - 2026-05-18 18:05:12 --> Session: Class initialized using 'CodeIgniter\Session\Handlers\FileHandler' driver.
DEBUG - 2026-05-18 18:06:00 --> Session: Class initialized using 'CodeIgniter\Session\Handlers\FileHandler' driver.
DEBUG - 2026-05-18 18:06:00 --> Session: Class initialized using 'CodeIgniter\Session\Handlers\FileHandler' driver.
