ERROR - 2026-05-12 06:56:18 --> Error connecting to the database: mysqli_sql_exception: Access denied for user 'root'@'localhost' in /home/honore/Bureau/4027_4090/system/Database/MySQLi/Connection.php:201
Stack trace:
#0 /home/honore/Bureau/4027_4090/system/Database/MySQLi/Connection.php(201): mysqli->real_connect()
#1 /home/honore/Bureau/4027_4090/system/Database/BaseConnection.php(555): CodeIgniter\Database\MySQLi\Connection->connect()
#2 /home/honore/Bureau/4027_4090/system/Database/BaseConnection.php(795): CodeIgniter\Database\BaseConnection->initialize()
#3 /home/honore/Bureau/4027_4090/system/Database/BaseBuilder.php(1649): CodeIgniter\Database\BaseConnection->query()
#4 /home/honore/Bureau/4027_4090/system/Model.php(253): CodeIgniter\Database\BaseBuilder->get()
#5 /home/honore/Bureau/4027_4090/system/BaseModel.php(676): CodeIgniter\Model->doFindAll()
#6 /home/honore/Bureau/4027_4090/app/Controllers/AcceuilController.php(14): CodeIgniter\BaseModel->findAll()
#7 /home/honore/Bureau/4027_4090/system/CodeIgniter.php(951): App\Controllers\AcceuilController->liste_livres()
#8 /home/honore/Bureau/4027_4090/system/CodeIgniter.php(497): CodeIgniter\CodeIgniter->runController()
#9 /home/honore/Bureau/4027_4090/system/CodeIgniter.php(340): CodeIgniter\CodeIgniter->handleRequest()
#10 /home/honore/Bureau/4027_4090/system/Boot.php(417): CodeIgniter\CodeIgniter->run()
#11 /home/honore/Bureau/4027_4090/system/Boot.php(68): CodeIgniter\Boot::runCodeIgniter()
#12 /home/honore/Bureau/4027_4090/public/index.php(59): CodeIgniter\Boot::bootWeb()
#13 {main}

Next CodeIgniter\Database\Exceptions\DatabaseException: Access denied for user '****'@'localhost' in /home/honore/Bureau/4027_4090/system/Database/MySQLi/Connection.php:231
Stack trace:
#0 /home/honore/Bureau/4027_4090/system/Database/BaseConnection.php(555): CodeIgniter\Database\MySQLi\Connection->connect()
#1 /home/honore/Bureau/4027_4090/system/Database/BaseConnection.php(795): CodeIgniter\Database\BaseConnection->initialize()
#2 /home/honore/Bureau/4027_4090/system/Database/BaseBuilder.php(1649): CodeIgniter\Database\BaseConnection->query()
#3 /home/honore/Bureau/4027_4090/system/Model.php(253): CodeIgniter\Database\BaseBuilder->get()
#4 /home/honore/Bureau/4027_4090/system/BaseModel.php(676): CodeIgniter\Model->doFindAll()
#5 /home/honore/Bureau/4027_4090/app/Controllers/AcceuilController.php(14): CodeIgniter\BaseModel->findAll()
#6 /home/honore/Bureau/4027_4090/system/CodeIgniter.php(951): App\Controllers\AcceuilController->liste_livres()
#7 /home/honore/Bureau/4027_4090/system/CodeIgniter.php(497): CodeIgniter\CodeIgniter->runController()
#8 /home/honore/Bureau/4027_4090/system/CodeIgniter.php(340): CodeIgniter\CodeIgniter->handleRequest()
#9 /home/honore/Bureau/4027_4090/system/Boot.php(417): CodeIgniter\CodeIgniter->run()
#10 /home/honore/Bureau/4027_4090/system/Boot.php(68): CodeIgniter\Boot::runCodeIgniter()
#11 /home/honore/Bureau/4027_4090/public/index.php(59): CodeIgniter\Boot::bootWeb()
#12 {main}
CRITICAL - 2026-05-12 06:56:18 --> CodeIgniter\Database\Exceptions\DatabaseException: Unable to connect to the database.
Main connection [MySQLi]: Access denied for user '****'@'localhost'
[Method: GET, Route: /]
in SYSTEMPATH/Database/BaseConnection.php on line 606.
 1 SYSTEMPATH/Database/BaseConnection.php(795): CodeIgniter\Database\BaseConnection->initialize()
 2 SYSTEMPATH/Database/BaseBuilder.php(1649): CodeIgniter\Database\BaseConnection->query()
 3 SYSTEMPATH/Model.php(253): CodeIgniter\Database\BaseBuilder->get()
 4 SYSTEMPATH/BaseModel.php(676): CodeIgniter\Model->doFindAll()
 5 APPPATH/Controllers/AcceuilController.php(14): CodeIgniter\BaseModel->findAll()
 6 SYSTEMPATH/CodeIgniter.php(951): App\Controllers\AcceuilController->liste_livres()
 7 SYSTEMPATH/CodeIgniter.php(497): CodeIgniter\CodeIgniter->runController()
 8 SYSTEMPATH/CodeIgniter.php(340): CodeIgniter\CodeIgniter->handleRequest()
 9 SYSTEMPATH/Boot.php(417): CodeIgniter\CodeIgniter->run()
10 SYSTEMPATH/Boot.php(68): CodeIgniter\Boot::runCodeIgniter()
11 FCPATH/index.php(59): CodeIgniter\Boot::bootWeb()
